<?xml version="1.0" encoding="UTF-8"?>
<robot generator="Robot 3.0 (Jython 2.7.0 on java1.8.0_77)" generated="20160912 20:58:32.384">
<suite source="C:\Users\Matthew\Documents\School\CS-310\Project2\Project2\Project2\src\test\acceptancetest" name="Acceptancetest" id="s1">
<suite source="C:\Users\Matthew\Documents\School\CS-310\Project2\Project2\Project2\src\test\acceptancetest\TicTacToeTests.robot" name="TicTacToeTests" id="s1-s1">
<test name="Win Diagonally as X" id="s1-s1-t1">
<kw name="Start New Game">
<msg level="FAIL" timestamp="20160912 20:58:33.295">No keyword with name 'Start New Game' found.</msg>
<status endtime="20160912 20:58:33.300" starttime="20160912 20:58:33.291" status="FAIL"></status>
</kw>
<status critical="yes" endtime="20160912 20:58:33.311" starttime="20160912 20:58:33.234" status="FAIL">No keyword with name 'Start New Game' found.</status>
</test>
<test name="Win Horizontally as O" id="s1-s1-t2">
<kw name="Start New Game">
<msg level="FAIL" timestamp="20160912 20:58:33.368">No keyword with name 'Start New Game' found.</msg>
<status endtime="20160912 20:58:33.372" starttime="20160912 20:58:33.366" status="FAIL"></status>
</kw>
<status critical="yes" endtime="20160912 20:58:33.376" starttime="20160912 20:58:33.324" status="FAIL">No keyword with name 'Start New Game' found.</status>
</test>
<test name="Force a Tie" id="s1-s1-t3">
<kw name="Start New Game">
<msg level="FAIL" timestamp="20160912 20:58:33.450">No keyword with name 'Start New Game' found.</msg>
<status endtime="20160912 20:58:33.456" starttime="20160912 20:58:33.447" status="FAIL"></status>
</kw>
<status critical="yes" endtime="20160912 20:58:33.461" starttime="20160912 20:58:33.385" status="FAIL">No keyword with name 'Start New Game' found.</status>
</test>
<status endtime="20160912 20:58:33.476" starttime="20160912 20:58:33.153" status="FAIL"></status>
</suite>
<status endtime="20160912 20:58:33.500" starttime="20160912 20:58:32.434" status="FAIL"></status>
</suite>
<statistics>
<total>
<stat pass="0" fail="3">Critical Tests</stat>
<stat pass="0" fail="3">All Tests</stat>
</total>
<tag>
</tag>
<suite>
<stat pass="0" fail="3" name="Acceptancetest" id="s1">Acceptancetest</stat>
<stat pass="0" fail="3" name="TicTacToeTests" id="s1-s1">Acceptancetest.TicTacToeTests</stat>
</suite>
</statistics>
<errors>
<msg level="ERROR" timestamp="20160912 20:58:33.219">Error in file 'C:\Users\Matthew\Documents\School\CS-310\Project2\Project2\Project2\src\test\acceptancetest\TicTacToeTests.robot': Importing test library 'TicTacToeKeywords' failed: ImportError: No module named TicTacToeKeywords
Traceback (most recent call last):
  None
PYTHONPATH:
  C:\Users\Matthew\.gradle\caches\modules-2\files-2.1\org.robotframework\robotframework\3.0\379defe8be9c22457b721a2bd8cb045506fef3e3\Lib
  C:\Users\Matthew\.gradle\caches\modules-2\files-2.1\org.robotframework\robotframework\3.0\379defe8be9c22457b721a2bd8cb045506fef3e3\robotframework-3.0.jar\Lib
  __classpath__
  __pyclasspath__/
CLASSPATH:
  C:\Users\Matthew\Documents\gradle-3.0-all\gradle-3.0\lib\gradle-launcher-3.0.jar</msg>
</errors>
</robot>
